<?xml version="1.0" encoding="UTF-8"?>
<coverage generated="1633687418918" clover="3.2.0">
  <project timestamp="1633687418918" name="All files">
    <metrics statements="3" coveredstatements="3" conditionals="0" coveredconditionals="0" methods="2" coveredmethods="2" elements="5" coveredelements="5" complexity="0" loc="3" ncloc="3" packages="1" files="1" classes="1"/>
    <file name="utils.js" path="/Users/anej/Aneesh/experiments/telegraph-front-end-exercise/src/js/utils.js">
      <metrics statements="3" coveredstatements="3" conditionals="0" coveredconditionals="0" methods="2" coveredmethods="2"/>
      <line num="9" count="5" type="stmt"/>
      <line num="19" count="5" type="stmt"/>
      <line num="23" count="1" type="stmt"/>
    </file>
  </project>
</coverage>
