{"/Users/anej/Aneesh/experiments/telegraph-front-end-exercise/src/js/utils.js": {"path":"/Users/anej/Aneesh/experiments/telegraph-front-end-exercise/src/js/utils.js","statementMap":{"0":{"start":{"line":9,"column":2},"end":{"line":11,"column":13}},"1":{"start":{"line":19,"column":2},"end":{"line":19,"column":65}},"2":{"start":{"line":23,"column":0},"end":{"line":23,"column":23}}},"fnMap":{"0":{"name":"(anonymous_0)","decl":{"start":{"line":8,"column":1},"end":{"line":8,"column":2}},"loc":{"start":{"line":8,"column":21},"end":{"line":12,"column":2}},"line":8},"1":{"name":"(anonymous_1)","decl":{"start":{"line":18,"column":1},"end":{"line":18,"column":2}},"loc":{"start":{"line":18,"column":14},"end":{"line":20,"column":2}},"line":18}},"branchMap":{},"s":{"0":5,"1":5,"2":1},"f":{"0":5,"1":5},"b":{},"_coverageSchema":"43e27e138ebf9cfc5966b082cf9a028302ed4184","hash":"f5de3450799a5d0a27eb3a87358c3798cc2cb869"}
}
